2024-04-24T10:12:56.517199Z  INFO src/app.rs:41: Starting condensing app on index: .ds-logs-fim.event-default* with buffer size: 1024    
2024-04-24T10:12:56.517518Z  INFO src/delete_records.rs:15: Delete records from index: .ds-logs-fim.event-default*    
2024-04-24T10:12:57.669583Z  INFO src/aggs.rs:114: Aggs task sleeping for 20 seconds    
2024-04-24T10:13:01.519956Z  INFO src/delete_records.rs:46: Timeout reached    
2024-04-24T10:13:06.521235Z  INFO src/delete_records.rs:46: Timeout reached    
2024-04-24T10:13:11.522289Z  INFO src/delete_records.rs:46: Timeout reached    
2024-04-24T10:13:16.523837Z  INFO src/delete_records.rs:46: Timeout reached    
2024-04-24T10:13:18.79506Z  INFO src/aggs.rs:114: Aggs task sleeping for 20 seconds    
2024-04-24T10:13:21.526444Z  INFO src/delete_records.rs:46: Timeout reached    
2024-04-24T10:13:26.528116Z  INFO src/delete_records.rs:46: Timeout reached    
2024-04-24T10:13:31.529402Z  INFO src/delete_records.rs:46: Timeout reached    
2024-04-24T10:13:36.531729Z  INFO src/delete_records.rs:46: Timeout reached    
2024-04-24T10:13:39.680175Z  INFO src/aggs.rs:114: Aggs task sleeping for 20 seconds    
2024-04-24T10:13:41.533575Z  INFO src/delete_records.rs:46: Timeout reached    
2024-04-24T10:13:46.534757Z  INFO src/delete_records.rs:46: Timeout reached    
2024-04-24T10:13:51.536535Z  INFO src/delete_records.rs:46: Timeout reached    
2024-04-24T10:13:56.539078Z  INFO src/delete_records.rs:46: Timeout reached    
2024-04-24T10:14:01.222752Z  INFO src/aggs.rs:114: Aggs task sleeping for 20 seconds    
2024-04-24T10:14:05.204468Z  INFO src/delete_records.rs:46: Timeout reached    
2024-04-24T10:14:05.204648Z  INFO src/delete_records.rs:49: Deleting records after timeout reached: {"hub:/mnt/nvme/watchflash/other_folder", "hub:/mnt/nvme/watchflash/other_folder/fdsf", "hub:/mnt/nvme/watchflash/other_folder/fdshfjshdfgjksdg"}    
2024-04-24T10:14:10.301381Z  INFO src/delete_records.rs:46: Timeout reached    
2024-04-24T10:14:15.303192Z  INFO src/delete_records.rs:46: Timeout reached    
2024-04-24T10:14:20.306112Z  INFO src/delete_records.rs:46: Timeout reached    
2024-04-24T10:14:22.237633Z  INFO src/aggs.rs:114: Aggs task sleeping for 20 seconds    
2024-04-24T10:14:25.307982Z  INFO src/delete_records.rs:46: Timeout reached    
2024-04-24T10:14:30.310203Z  INFO src/delete_records.rs:46: Timeout reached    
2024-04-24T10:14:35.312565Z  INFO src/delete_records.rs:46: Timeout reached    
2024-04-24T10:14:40.315854Z  INFO src/delete_records.rs:46: Timeout reached    
2024-04-24T10:14:43.599816Z  INFO src/aggs.rs:114: Aggs task sleeping for 20 seconds    
2024-04-24T10:14:45.318782Z  INFO src/delete_records.rs:46: Timeout reached    
2024-04-24T10:14:50.320146Z  INFO src/delete_records.rs:46: Timeout reached    
2024-04-24T10:14:55.323052Z  INFO src/delete_records.rs:46: Timeout reached    
2024-04-24T10:15:00.324616Z  INFO src/delete_records.rs:46: Timeout reached    
2024-04-24T10:15:04.594343Z  INFO src/aggs.rs:114: Aggs task sleeping for 20 seconds    
2024-04-24T10:15:05.32581Z  INFO src/delete_records.rs:46: Timeout reached    
2024-04-24T10:15:10.328298Z  INFO src/delete_records.rs:46: Timeout reached    
2024-04-24T10:15:15.330172Z  INFO src/delete_records.rs:46: Timeout reached    
2024-04-24T10:15:20.331648Z  INFO src/delete_records.rs:46: Timeout reached    
2024-04-24T10:15:25.333874Z  INFO src/delete_records.rs:46: Timeout reached    
2024-04-24T10:15:27.218478Z  INFO src/aggs.rs:114: Aggs task sleeping for 20 seconds    
2024-04-24T10:15:30.335315Z  INFO src/delete_records.rs:46: Timeout reached    
2024-04-24T10:15:35.337909Z  INFO src/delete_records.rs:46: Timeout reached    
2024-04-24T10:15:40.339983Z  INFO src/delete_records.rs:46: Timeout reached    
2024-04-24T10:15:45.343119Z  INFO src/delete_records.rs:46: Timeout reached    
2024-04-24T10:15:48.363326Z  INFO src/aggs.rs:114: Aggs task sleeping for 20 seconds    
2024-04-24T10:15:52.989976Z  INFO src/delete_records.rs:46: Timeout reached    
2024-04-24T10:15:52.990142Z  INFO src/delete_records.rs:49: Deleting records after timeout reached: {"hub:/mnt/nvme/watchflash/project02/folder01/CuW9ZkQjdtSZMPR1/wFOPotIFJmWYuhXqRRUjNnuKR2WkehFM", "hub:/mnt/nvme/watchflash/project02/folder01/CuW9ZkQjdtSZMPR1/ZOsaVvYzdtgJV904ZI5luHxE2w6aPPIM", "hub:/mnt/nvme/watchflash/project02/folder01/CuW9ZkQjdtSZMPR1/CQQdB4xCm4XoI1k8RLM7ez8n3ZaBiESW", "hub:/mnt/nvme/watchflash/project02/folder01/CuW9ZkQjdtSZMPR1/8MCTclJqGBp3NFXuch1R1eke4bwAp770", "hub:/mnt/nvme/watchflash/project02/folder01/CuW9ZkQjdtSZMPR1/isE1fWipyNrTLj5IKHudNeqBTSMxPvxG", "hub:/mnt/nvme/watchflash/project02/folder01/CuW9ZkQjdtSZMPR1/3HNE2b7yEIb2rnB7g724BIohJpB7X3g9", "hub:/mnt/nvme/watchflash/project02/folder01/CuW9ZkQjdtSZMPR1", "hub:/mnt/nvme/watchflash/project02/folder01/CuW9ZkQjdtSZMPR1/7QCyLCPjv3qIgQ9BKcdixxNhZBic7IsY", "hub:/mnt/nvme/watchflash/project02/folder01/CuW9ZkQjdtSZMPR1/JlV81i4tRzDk8uiMxClwulaOmlzlHDnD", "hub:/mnt/nvme/watchflash/project02/folder01/CuW9ZkQjdtSZMPR1/hqsNSI1tn9SoBoRYJxXch9PN6PM1dqCh", "hub:/mnt/nvme/watchflash/project02/folder01/CuW9ZkQjdtSZMPR1/qIPhy7bYkvHSQu5j7VEZ67EiuN0r5x4b"}    
2024-04-24T10:15:58.599121Z  INFO src/delete_records.rs:46: Timeout reached    
2024-04-24T10:16:03.600891Z  INFO src/delete_records.rs:46: Timeout reached    
